<?xml version="1.0" encoding="UTF-8"?>
<!-- Generated by org.testng.reporters.JUnitReportReporter -->
<testsuite hostname="DESKTOP-2V1RMMV" failures="0" tests="3" name="extent.Extentreports" time="76.970" errors="0" timestamp="2022-10-18T21:11:48 IST" skipped="0">
  <testcase classname="extent.Extentreports" name="admin" time="30.915"/>
  <system-out/>
  <testcase classname="extent.Extentreports" name="two" time="18.896"/>
  <system-out/>
  <testcase classname="extent.Extentreports" name="student" time="27.159"/>
  <system-out/>
</testsuite> <!-- extent.Extentreports -->
