<?xml version="1.0" encoding="UTF-8"?>
<!-- Generated by org.testng.reporters.JUnitReportReporter -->
<testsuite hostname="DESKTOP-2V1RMMV" failures="0" tests="1" name="stud.Student" time="18.871" errors="0" timestamp="2022-10-27T11:53:20 IST" skipped="0">
  <testcase classname="stud.Student" name="student" time="18.871"/>
  <system-out/>
</testsuite> <!-- stud.Student -->
