<?xml version="1.0" encoding="UTF-8"?>
<!-- Generated by org.testng.reporters.JUnitReportReporter -->
<testsuite hostname="DESKTOP-2V1RMMV" failures="0" tests="1" name="two.Marks" time="12.148" errors="0" timestamp="2022-10-17T12:26:30 IST" skipped="0">
  <testcase classname="two.Marks" name="two" time="12.148"/>
  <system-out/>
</testsuite> <!-- two.Marks -->
