<?xml version="1.0" encoding="UTF-8"?>
<!-- Generated by org.testng.reporters.JUnitReportReporter -->
<testsuite hostname="DESKTOP-2V1RMMV" failures="0" tests="1" name="admin.Adminmap" time="17.356" errors="0" timestamp="2022-10-18T20:09:05 IST" skipped="0">
  <testcase classname="admin.Adminmap" name="admin" time="17.356"/>
  <system-out/>
</testsuite> <!-- admin.Adminmap -->
